<?xml version="1.0" encoding="UTF-8"?>
<!-- Generated by org.testng.reporters.JUnitReportReporter -->
<testsuite hostname="ubuntu" failures="0" tests="3" name="com.todoistProject.test.Testing" time="11.987" errors="0" timestamp="2021-08-20T17:22:30 IST" skipped="0">
  <testcase classname="com.todoistProject.test.Testing" name="testToCheckCreateTask" time="9.140"/>
  <system-out/>
  <testcase classname="com.todoistProject.test.Testing" name="testToGetAnActiveTask" time="1.031"/>
  <system-out/>
  <testcase classname="com.todoistProject.test.Testing" name="testToFetchData" time="1.816"/>
  <system-out/>
</testsuite> <!-- com.todoistProject.test.Testing -->
