<?xml version="1.0" encoding="UTF-8"?>
<!-- Generated by org.testng.reporters.JUnitReportReporter -->
<testsuite hostname="mymachine" failures="0" tests="1" name="com.todoistProject.test.Testing" time="2.435" errors="0" timestamp="2021-08-21T18:06:34 IST" skipped="0">
  <testcase classname="com.todoistProject.test.Testing" name="testToUpdateATask" time="2.435"/>
  <system-out/>
</testsuite> <!-- com.todoistProject.test.Testing -->
