<?xml version="1.0" encoding="UTF-8"?>
<!-- Generated by org.testng.reporters.JUnitReportReporter -->
<testsuite hostname="ubuntu" failures="0" tests="1" name="com.todoistProject.test.Testing" time="3.359" errors="0" timestamp="2021-08-20T00:42:26 IST" skipped="0">
  <testcase classname="com.todoistProject.test.Testing" name="testToFetchData" time="3.359"/>
  <system-out/>
</testsuite> <!-- com.todoistProject.test.Testing -->
